# JRE version: OpenJDK Runtime Environment (8.0_112-b06) (build 1.8.0_112-release-b06)
# Java VM: OpenJDK 64-Bit Server VM (25.112-b06 mixed mode bsd-amd64 compressed oops)
Heap:
 PSYoungGen      total 352768K, used 94998K [0x00000007a0000000, 0x00000007b7e80000, 0x00000007c0000000)
  eden space 329216K, 28% used [0x00000007a0000000,0x00000007a5ae1c48,0x00000007b4180000)
  from space 23552K, 8% used [0x00000007b6780000,0x00000007b6963bc0,0x00000007b7e80000)
  to   space 31232K, 0% used [0x00000007b4180000,0x00000007b4180000,0x00000007b6000000)
 ParOldGen       total 102400K, used 79526K [0x0000000760000000, 0x0000000766400000, 0x00000007a0000000)
  object space 102400K, 77% used [0x0000000760000000,0x0000000764da9920,0x0000000766400000)
 Metaspace       used 67574K, capacity 70122K, committed 70272K, reserved 1110016K
  class space    used 8522K, capacity 9030K, committed 9088K, reserved 1048576K
GC Heap History (10 events):
Event: 60.353 GC heap before
{Heap before GC invocations=17 (full 3):
 PSYoungGen      total 183296K, used 165888K [0x00000007a0000000, 0x00000007b0080000, 0x00000007c0000000)
  eden space 165888K, 100% used [0x00000007a0000000,0x00000007aa200000,0x00000007aa200000)
  from space 17408K, 0% used [0x00000007aa200000,0x00000007aa200000,0x00000007ab300000)
  to   space 17920K, 0% used [0x00000007aef00000,0x00000007aef00000,0x00000007b0080000)
 ParOldGen       total 102400K, used 36101K [0x0000000760000000, 0x0000000766400000, 0x00000007a0000000)
  object space 102400K, 35% used [0x0000000760000000,0x0000000762341678,0x0000000766400000)
 Metaspace       used 59829K, capacity 61560K, committed 61824K, reserved 1103872K
  class space    used 7873K, capacity 8275K, committed 8320K, reserved 1048576K
Event: 60.595 GC heap after
Heap after GC invocations=17 (full 3):
 PSYoungGen      total 240640K, used 17914K [0x00000007a0000000, 0x00000007b0480000, 0x00000007c0000000)
  eden space 222720K, 0% used [0x00000007a0000000,0x00000007a0000000,0x00000007ad980000)
  from space 17920K, 99% used [0x00000007aef00000,0x00000007b007eb88,0x00000007b0080000)
  to   space 22016K, 0% used [0x00000007ad980000,0x00000007ad980000,0x00000007aef00000)
 ParOldGen       total 102400K, used 40024K [0x0000000760000000, 0x0000000766400000, 0x00000007a0000000)
  object space 102400K, 39% used [0x0000000760000000,0x0000000762716050,0x0000000766400000)
 Metaspace       used 59829K, capacity 61560K, committed 61824K, reserved 1103872K
  class space    used 7873K, capacity 8275K, committed 8320K, reserved 1048576K
}
Event: 1282.799 GC heap before
{Heap before GC invocations=18 (full 3):
 PSYoungGen      total 240640K, used 240166K [0x00000007a0000000, 0x00000007b0480000, 0x00000007c0000000)
  eden space 222720K, 99% used [0x00000007a0000000,0x00000007ad90adf0,0x00000007ad980000)
  from space 17920K, 99% used [0x00000007aef00000,0x00000007b007eb88,0x00000007b0080000)
  to   space 22016K, 0% used [0x00000007ad980000,0x00000007ad980000,0x00000007aef00000)
 ParOldGen       total 102400K, used 40024K [0x0000000760000000, 0x0000000766400000, 0x00000007a0000000)
  object space 102400K, 39% used [0x0000000760000000,0x0000000762716050,0x0000000766400000)
 Metaspace       used 65338K, capacity 67396K, committed 67584K, reserved 1107968K
  class space    used 8434K, capacity 8891K, committed 8960K, reserved 1048576K
Event: 1283.232 GC heap after
Heap after GC invocations=18 (full 3):
 PSYoungGen      total 244736K, used 16830K [0x00000007a0000000, 0x00000007b4800000, 0x00000007c0000000)
  eden space 222720K, 0% used [0x00000007a0000000,0x00000007a0000000,0x00000007ad980000)
  from space 22016K, 76% used [0x00000007ad980000,0x00000007ae9efa88,0x00000007aef00000)
  to   space 23552K, 0% used [0x00000007b3100000,0x00000007b3100000,0x00000007b4800000)
 ParOldGen       total 102400K, used 48333K [0x0000000760000000, 0x0000000766400000, 0x00000007a0000000)
  object space 102400K, 47% used [0x0000000760000000,0x0000000762f334f8,0x0000000766400000)
 Metaspace       used 65338K, capacity 67396K, committed 67584K, reserved 1107968K
  class space    used 8434K, capacity 8891K, committed 8960K, reserved 1048576K
}
Event: 1289.648 GC heap before
{Heap before GC invocations=19 (full 3):
 PSYoungGen      total 244736K, used 239550K [0x00000007a0000000, 0x00000007b4800000, 0x00000007c0000000)
  eden space 222720K, 100% used [0x00000007a0000000,0x00000007ad980000,0x00000007ad980000)
  from space 22016K, 76% used [0x00000007ad980000,0x00000007ae9efa88,0x00000007aef00000)
  to   space 23552K, 0% used [0x00000007b3100000,0x00000007b3100000,0x00000007b4800000)
 ParOldGen       total 102400K, used 48333K [0x0000000760000000, 0x0000000766400000, 0x00000007a0000000)
  object space 102400K, 47% used [0x0000000760000000,0x0000000762f334f8,0x0000000766400000)
 Metaspace       used 66100K, capacity 68324K, committed 68352K, reserved 1107968K
  class space    used 8466K, capacity 8949K, committed 8960K, reserved 1048576K
Event: 1290.064 GC heap after
Heap after GC invocations=19 (full 3):
 PSYoungGen      total 303104K, used 23520K [0x00000007a0000000, 0x00000007b6580000, 0x00000007c0000000)
  eden space 279552K, 0% used [0x00000007a0000000,0x00000007a0000000,0x00000007b1100000)
  from space 23552K, 99% used [0x00000007b3100000,0x00000007b47f8008,0x00000007b4800000)
  to   space 32768K, 0% used [0x00000007b1100000,0x00000007b1100000,0x00000007b3100000)
 ParOldGen       total 102400K, used 63571K [0x0000000760000000, 0x0000000766400000, 0x00000007a0000000)
  object space 102400K, 62% used [0x0000000760000000,0x0000000763e14cd0,0x0000000766400000)
 Metaspace       used 66100K, capacity 68324K, committed 68352K, reserved 1107968K
  class space    used 8466K, capacity 8949K, committed 8960K, reserved 1048576K
}
Event: 1786.674 GC heap before
{Heap before GC invocations=20 (full 3):
 PSYoungGen      total 303104K, used 303072K [0x00000007a0000000, 0x00000007b6580000, 0x00000007c0000000)
  eden space 279552K, 100% used [0x00000007a0000000,0x00000007b1100000,0x00000007b1100000)
  from space 23552K, 99% used [0x00000007b3100000,0x00000007b47f8008,0x00000007b4800000)
  to   space 32768K, 0% used [0x00000007b1100000,0x00000007b1100000,0x00000007b3100000)
 ParOldGen       total 102400K, used 63571K [0x0000000760000000, 0x0000000766400000, 0x00000007a0000000)
  object space 102400K, 62% used [0x0000000760000000,0x0000000763e14cd0,0x0000000766400000)
 Metaspace       used 66818K, capacity 69148K, committed 69248K, reserved 1110016K
  class space    used 8496K, capacity 8993K, committed 9088K, reserved 1048576K
Event: 1786.948 GC heap after
Heap after GC invocations=20 (full 3):
 PSYoungGen      total 312320K, used 10075K [0x00000007a0000000, 0x00000007b8600000, 0x00000007c0000000)
  eden space 279552K, 0% used [0x00000007a0000000,0x00000007a0000000,0x00000007b1100000)
  from space 32768K, 30% used [0x00000007b1100000,0x00000007b1ad6d28,0x00000007b3100000)
  to   space 31232K, 0% used [0x00000007b6780000,0x00000007b6780000,0x00000007b8600000)
 ParOldGen       total 102400K, used 74318K [0x0000000760000000, 0x0000000766400000, 0x00000007a0000000)
  object space 102400K, 72% used [0x0000000760000000,0x0000000764893900,0x0000000766400000)
 Metaspace       used 66818K, capacity 69148K, committed 69248K, reserved 1110016K
  class space    used 8496K, capacity 8993K, committed 9088K, reserved 1048576K
}
Event: 5788.972 GC heap before
{Heap before GC invocations=21 (full 3):
 PSYoungGen      total 312320K, used 289627K [0x00000007a0000000, 0x00000007b8600000, 0x00000007c0000000)
  eden space 279552K, 100% used [0x00000007a0000000,0x00000007b1100000,0x00000007b1100000)
  from space 32768K, 30% used [0x00000007b1100000,0x00000007b1ad6d28,0x00000007b3100000)
  to   space 31232K, 0% used [0x00000007b6780000,0x00000007b6780000,0x00000007b8600000)
 ParOldGen       total 102400K, used 74318K [0x0000000760000000, 0x0000000766400000, 0x00000007a0000000)
  object space 102400K, 72% used [0x0000000760000000,0x0000000764893900,0x0000000766400000)
 Metaspace       used 67223K, capacity 69648K, committed 69760K, reserved 1110016K
  class space    used 8513K, capacity 9015K, committed 9088K, reserved 1048576K
Event: 5789.780 GC heap after
Heap after GC invocations=21 (full 3):
 PSYoungGen      total 352768K, used 1934K [0x00000007a0000000, 0x00000007b7e80000, 0x00000007c0000000)
  eden space 329216K, 0% used [0x00000007a0000000,0x00000007a0000000,0x00000007b4180000)
  from space 23552K, 8% used [0x00000007b6780000,0x00000007b6963bc0,0x00000007b7e80000)
  to   space 31232K, 0% used [0x00000007b4180000,0x00000007b4180000,0x00000007b6000000)
 ParOldGen       total 102400K, used 79526K [0x0000000760000000, 0x0000000766400000, 0x00000007a0000000)
  object space 102400K, 77% used [0x0000000760000000,0x0000000764da9920,0x0000000766400000)
 Metaspace       used 67223K, capacity 69648K, committed 69760K, reserved 1110016K
  class space    used 8513K, capacity 9015K, committed 9088K, reserved 1048576K
}

